<?xml version="1.0" encoding="UTF-8"?>
<!-- Generated by org.testng.reporters.JUnitReportReporter -->
<testsuite name="example.ClassTest" tests="2" time="56.203" ignored="0" failures="0" timestamp="24 Nov 2017 09:39:42 GMT" skipped="0" hostname="bibek-PC" errors="0">
  <testcase name="sucess" time="25.206" classname="example.ClassTest"/>
  <testcase name="sucess" time="30.997" classname="example.ClassTest"/>
</testsuite> <!-- example.ClassTest -->
